2024-04-11 19:35:17,092 django_info  INFO     User: me@here.com created.
2024-04-11 19:35:17,202 django_info  INFO     User: me@here.com created.
2024-04-11 19:35:17,310 django_info  INFO     User: me@here.com login.
2024-04-11 19:35:17,417 django_info  INFO     User: me@here.com created.
2024-04-11 19:35:17,630 django_info  INFO     User: me@here.com created.
2024-04-11 19:35:17,737 django_info  INFO     User: me@here.com login.
2024-04-11 19:35:17,739 django_info  INFO     User: None logout.  Token deleted.
2024-04-11 19:35:17,848 django_info  INFO     User: me@here.com created.
2024-04-11 19:35:17,955 django_info  INFO     User: me@here.com login.
2024-04-11 19:35:21,501 django_info  INFO     Occupations: Created for user me@here.com - Data: [{'name': 'Musician', 'onet_code': '27-2042.02', 'user': 13}, {'name': 'Historian', 'onet_code': '19-3093.00', 'user': 13}, {'name': 'Mathematician', 'onet_code': '15-2021.00', 'user': 13}, {'name': 'Swimming Instructor', 'onet_code': '39-9031.00', 'user': 13}, {'name': 'Carpenter', 'onet_code': '47-2031.01', 'user': 13}]
2024-04-11 19:35:21,666 django_info  INFO     Details: Added {'id': 2, 'onet_name': 'Error', 'description': 'This resourse was not found. No additional details are available.', 'tasks': {}, 'alt_names': {}, 'occupation': 4}
2024-04-11 19:35:21,835 django_info  INFO     Details: Added {'id': 3, 'onet_name': 'Historians', 'description': 'Research, analyze, record, and interpret the past as recorded in sources, such as government and institutional records, newspapers and other periodicals, photographs, interviews, films, electronic media, and unpublished manuscripts, such as personal diaries and letters.', 'tasks': {'task': ['Conserve and preserve manuscripts, records, and other artifacts.', 'Gather historical data from sources such as archives, court records, diaries, news files, and photographs, as well as from books, pamphlets, and periodicals.', 'Conduct historical research as a basis for the identification, conservation, and reconstruction of historic places and materials.']}, 'alt_names': {'title': ['Historian', 'Historic Sites Registrar', 'Research Associate', 'Researcher']}, 'occupation': 5}
2024-04-11 19:35:22,031 django_info  INFO     Details: Added {'id': 4, 'onet_name': 'Mathematicians', 'description': 'Conduct research in fundamental mathematics or in application of mathematical techniques to science, management, and other fields. Solve problems in various fields using mathematical methods.', 'tasks': {'task': ['Address the relationships of quantities, magnitudes, and forms through the use of numbers and symbols.', 'Disseminate research by writing reports, publishing papers, or presenting at professional conferences.', 'Maintain knowledge in the field by reading professional journals, talking with other mathematicians, and attending professional conferences.']}, 'alt_names': {'title': ['Computational Mathematician', 'Cryptographer', 'Mathematician', 'Research Scientist']}, 'occupation': 6}
2024-04-11 19:35:22,203 django_info  INFO     Details: Added {'id': 5, 'onet_name': 'Exercise Trainers & Group Fitness Instructors', 'description': 'Instruct or coach groups or individuals in exercise activities for the primary purpose of personal fitness. Demonstrate techniques and form, observe participants, and explain to them corrective measures necessary to improve their skills. Develop and implement individualized approaches to exercise.', 'tasks': {'task': ['Observe participants and inform them of corrective measures necessary for skill improvement.', "Evaluate individuals' abilities, needs, and physical conditions, and develop suitable training programs to meet any special requirements.", "Plan routines, choose appropriate music, and choose different movements for each set of muscles, depending on participants' capabilities and limitations."]}, 'alt_names': {'title': ['Aerobics Instructor', 'Fitness Instructor', 'Group Fitness Instructor', 'Personal Trainer']}, 'occupation': 7}
2024-04-11 19:35:22,380 django_info  INFO     Details: Added {'id': 6, 'onet_name': 'Error', 'description': 'This resourse was not found. No additional details are available.', 'tasks': {}, 'alt_names': {}, 'occupation': 8}
2024-04-11 19:35:22,389 django_info  INFO     Details: User me@here.com accessed Detail ID: 2 - Occupation ID: 4 - Error
2024-04-11 19:35:22,541 django_info  INFO     User: me@here.com created.
2024-04-11 19:35:22,647 django_info  INFO     User: me@here.com login.
2024-04-11 19:35:22,754 django_info  INFO     User: me@here.com created.
2024-04-11 19:35:22,860 django_info  INFO     User: me@here.com login.
2024-04-11 19:35:22,863 django_info  INFO     Keyword ID: 10 created by User: me@here.com
2024-04-11 19:35:22,970 django_info  INFO     User: me@here.com created.
2024-04-11 19:35:23,078 django_info  INFO     User: me@here.com login.
2024-04-11 19:35:23,186 django_info  INFO     User: me@here.com created.
2024-04-11 19:35:23,294 django_info  INFO     User: me@here.com login.
2024-04-11 19:35:23,404 django_info  INFO     User: me@here.com created.
2024-04-11 19:35:23,512 django_info  INFO     User: me@here.com login.
2024-04-11 19:35:23,515 django_info  INFO     Keyword ID: 11 created by User: me@here.com
2024-04-11 19:35:23,623 django_info  INFO     User: me@here.com created.
2024-04-11 19:35:23,731 django_info  INFO     User: me@here.com login.
2024-04-11 19:35:23,737 django_info  INFO     Keyword accessed: ID: 12 Name: history
2024-04-11 19:35:23,843 django_info  INFO     User: me@here.com created.
2024-04-11 19:35:23,949 django_info  INFO     User: me@here.com login.
2024-04-11 19:35:24,058 django_info  INFO     User: me@here.com created.
2024-04-11 19:35:24,163 django_info  INFO     User: me@here.com login.
2024-04-11 19:35:24,272 django_info  INFO     User: me@here.com created.
2024-04-11 19:35:24,378 django_info  INFO     User: me@here.com login.
2024-04-11 19:35:24,383 django_info  INFO     Keywords accessed (All User: me@here.com): [{'id': 18, 'category': 'interest', 'name': 'history', 'date_added': '2024-04-11T19:35:24.380136Z', 'user': 25}, {'id': 20, 'category': 'interest', 'name': 'music', 'date_added': '2024-04-11T19:35:24.381507Z', 'user': 25}]
2024-04-11 19:35:24,488 django_info  INFO     User: me@here.com created.
2024-04-11 19:35:24,594 django_info  INFO     User: me@here.com login.
2024-04-11 19:35:24,708 django_info  INFO     User: me@here.com created.
2024-04-11 19:35:24,816 django_info  INFO     User: me@here.com login.
2024-04-11 19:35:27,851 django_info  INFO     Occupations: Created for user me@here.com - Data: [{'name': 'Music Composer', 'onet_code': '27-2041.01', 'user': 29}, {'name': 'Historian', 'onet_code': '19-3093.00', 'user': 29}, {'name': 'Computer Systems Analyst', 'onet_code': '15-1121.00', 'user': 29}, {'name': 'Swimming Instructor', 'onet_code': '39-9031.00', 'user': 29}, {'name': 'Carpenter', 'onet_code': '47-2031.00', 'user': 29}]
2024-04-11 19:35:28,013 django_info  INFO     Details: Added {'id': 7, 'onet_name': 'Error', 'description': 'This resourse was not found. No additional details are available.', 'tasks': {}, 'alt_names': {}, 'occupation': 9}
2024-04-11 19:35:28,194 django_info  INFO     Details: Added {'id': 8, 'onet_name': 'Historians', 'description': 'Research, analyze, record, and interpret the past as recorded in sources, such as government and institutional records, newspapers and other periodicals, photographs, interviews, films, electronic media, and unpublished manuscripts, such as personal diaries and letters.', 'tasks': {'task': ['Conserve and preserve manuscripts, records, and other artifacts.', 'Gather historical data from sources such as archives, court records, diaries, news files, and photographs, as well as from books, pamphlets, and periodicals.', 'Conduct historical research as a basis for the identification, conservation, and reconstruction of historic places and materials.']}, 'alt_names': {'title': ['Historian', 'Historic Sites Registrar', 'Research Associate', 'Researcher']}, 'occupation': 10}
2024-04-11 19:35:28,369 django_info  INFO     Details: Added {'id': 9, 'onet_name': 'Error', 'description': 'This resourse was not found. No additional details are available.', 'tasks': {}, 'alt_names': {}, 'occupation': 11}
2024-04-11 19:35:28,545 django_info  INFO     Details: Added {'id': 10, 'onet_name': 'Exercise Trainers & Group Fitness Instructors', 'description': 'Instruct or coach groups or individuals in exercise activities for the primary purpose of personal fitness. Demonstrate techniques and form, observe participants, and explain to them corrective measures necessary to improve their skills. Develop and implement individualized approaches to exercise.', 'tasks': {'task': ['Observe participants and inform them of corrective measures necessary for skill improvement.', "Evaluate individuals' abilities, needs, and physical conditions, and develop suitable training programs to meet any special requirements.", "Plan routines, choose appropriate music, and choose different movements for each set of muscles, depending on participants' capabilities and limitations."]}, 'alt_names': {'title': ['Aerobics Instructor', 'Fitness Instructor', 'Group Fitness Instructor', 'Personal Trainer']}, 'occupation': 12}
2024-04-11 19:35:28,812 django_info  INFO     Details: Added {'id': 11, 'onet_name': 'Carpenters', 'description': 'Construct, erect, install, or repair structures and fixtures made of wood and comparable materials, such as concrete forms; building frameworks, including partitions, joists, studding, and rafters; and wood stairways, window and door frames, and hardwood floors. May also install cabinets, siding, drywall, and batt or roll insulation. Includes brattice builders who build doors or brattices (ventilation walls or partitions) in underground passageways.', 'tasks': {'task': ['Follow established safety rules and regulations and maintain a safe and clean environment.', 'Measure and mark cutting lines on materials, using a ruler, pencil, chalk, and marking gauge.', 'Assemble and fasten materials to make frameworks or props, using hand tools and wood screws, nails, dowel pins, or glue.']}, 'alt_names': {'title': ['Cabinet Maker', 'Carpenter', 'Form Carpenter', 'Scaffold Builder']}, 'occupation': 13}
2024-04-11 19:35:28,935 django_info  INFO     User: me@here.com created.
2024-04-11 19:35:29,041 django_info  INFO     User: me@here.com login.
2024-04-11 19:35:29,153 django_info  INFO     User: me@here.com created.
2024-04-11 19:35:29,259 django_info  INFO     User: me@here.com login.
2024-04-11 19:35:32,428 django_info  INFO     Occupations: Created for user me@here.com - Data: [{'name': 'Musician', 'onet_code': '27-2042.02', 'user': 31}, {'name': 'Historian', 'onet_code': '19-3093.00', 'user': 31}, {'name': 'Computer Systems Analyst', 'onet_code': '15-1121.00', 'user': 31}, {'name': 'Swim Instructor', 'onet_code': '39-9031.00', 'user': 31}, {'name': 'Carpenter', 'onet_code': '47-2031.01', 'user': 31}]
2024-04-11 19:35:32,596 django_info  INFO     Details: Added {'id': 12, 'onet_name': 'Error', 'description': 'This resourse was not found. No additional details are available.', 'tasks': {}, 'alt_names': {}, 'occupation': 14}
2024-04-11 19:35:32,759 django_info  INFO     Details: Added {'id': 13, 'onet_name': 'Historians', 'description': 'Research, analyze, record, and interpret the past as recorded in sources, such as government and institutional records, newspapers and other periodicals, photographs, interviews, films, electronic media, and unpublished manuscripts, such as personal diaries and letters.', 'tasks': {'task': ['Conserve and preserve manuscripts, records, and other artifacts.', 'Gather historical data from sources such as archives, court records, diaries, news files, and photographs, as well as from books, pamphlets, and periodicals.', 'Conduct historical research as a basis for the identification, conservation, and reconstruction of historic places and materials.']}, 'alt_names': {'title': ['Historian', 'Historic Sites Registrar', 'Research Associate', 'Researcher']}, 'occupation': 15}
2024-04-11 19:35:32,928 django_info  INFO     Details: Added {'id': 14, 'onet_name': 'Error', 'description': 'This resourse was not found. No additional details are available.', 'tasks': {}, 'alt_names': {}, 'occupation': 16}
2024-04-11 19:35:33,102 django_info  INFO     Details: Added {'id': 15, 'onet_name': 'Exercise Trainers & Group Fitness Instructors', 'description': 'Instruct or coach groups or individuals in exercise activities for the primary purpose of personal fitness. Demonstrate techniques and form, observe participants, and explain to them corrective measures necessary to improve their skills. Develop and implement individualized approaches to exercise.', 'tasks': {'task': ['Observe participants and inform them of corrective measures necessary for skill improvement.', "Evaluate individuals' abilities, needs, and physical conditions, and develop suitable training programs to meet any special requirements.", "Plan routines, choose appropriate music, and choose different movements for each set of muscles, depending on participants' capabilities and limitations."]}, 'alt_names': {'title': ['Aerobics Instructor', 'Fitness Instructor', 'Group Fitness Instructor', 'Personal Trainer']}, 'occupation': 17}
2024-04-11 19:35:33,264 django_info  INFO     Details: Added {'id': 16, 'onet_name': 'Error', 'description': 'This resourse was not found. No additional details are available.', 'tasks': {}, 'alt_names': {}, 'occupation': 18}
2024-04-11 19:35:33,786 django_info  INFO     User: me@here.com created.
2024-04-11 19:35:33,894 django_info  INFO     User: me@here.com login.
2024-04-11 19:35:34,310 django_info  INFO     User: me@here.com created.
2024-04-11 19:35:34,417 django_info  INFO     User: me@here.com login.
2024-04-11 19:35:38,107 django_info  INFO     Occupations: Created for user me@here.com - Data: [{'name': 'Musician', 'onet_code': '27-2042.02', 'user': 33}, {'name': 'Historian', 'onet_code': '19-3093.00', 'user': 33}, {'name': 'Philosopher', 'onet_code': '25-1066.00', 'user': 33}, {'name': 'Swim Instructor', 'onet_code': '39-9031.00', 'user': 33}, {'name': 'Woodworker', 'onet_code': '51-7040.00', 'user': 33}]
2024-04-11 19:35:38,265 django_info  INFO     Details: Added {'id': 17, 'onet_name': 'Error', 'description': 'This resourse was not found. No additional details are available.', 'tasks': {}, 'alt_names': {}, 'occupation': 19}
2024-04-11 19:35:38,441 django_info  INFO     Details: Added {'id': 18, 'onet_name': 'Historians', 'description': 'Research, analyze, record, and interpret the past as recorded in sources, such as government and institutional records, newspapers and other periodicals, photographs, interviews, films, electronic media, and unpublished manuscripts, such as personal diaries and letters.', 'tasks': {'task': ['Conserve and preserve manuscripts, records, and other artifacts.', 'Gather historical data from sources such as archives, court records, diaries, news files, and photographs, as well as from books, pamphlets, and periodicals.', 'Conduct historical research as a basis for the identification, conservation, and reconstruction of historic places and materials.']}, 'alt_names': {'title': ['Historian', 'Historic Sites Registrar', 'Research Associate', 'Researcher']}, 'occupation': 20}
2024-04-11 19:35:38,640 django_info  INFO     Details: Added {'id': 19, 'onet_name': 'Psychology Teachers, Postsecondary', 'description': 'Teach courses in psychology, such as child, clinical, and developmental psychology, and psychological counseling. Includes both teachers primarily engaged in teaching and those who do a combination of teaching and research.', 'tasks': {'task': ['Prepare and deliver lectures to undergraduate or graduate students on topics such as abnormal psychology, cognitive processes, and work motivation.', 'Initiate, facilitate, and moderate classroom discussions.', "Evaluate and grade students' class work, laboratory work, assignments, and papers."]}, 'alt_names': {'title': ['Instructor', 'Professor', 'Psychology Instructor', 'Psychology Professor']}, 'occupation': 21}
2024-04-11 19:35:38,802 django_info  INFO     Details: Added {'id': 20, 'onet_name': 'Exercise Trainers & Group Fitness Instructors', 'description': 'Instruct or coach groups or individuals in exercise activities for the primary purpose of personal fitness. Demonstrate techniques and form, observe participants, and explain to them corrective measures necessary to improve their skills. Develop and implement individualized approaches to exercise.', 'tasks': {'task': ['Observe participants and inform them of corrective measures necessary for skill improvement.', "Evaluate individuals' abilities, needs, and physical conditions, and develop suitable training programs to meet any special requirements.", "Plan routines, choose appropriate music, and choose different movements for each set of muscles, depending on participants' capabilities and limitations."]}, 'alt_names': {'title': ['Aerobics Instructor', 'Fitness Instructor', 'Group Fitness Instructor', 'Personal Trainer']}, 'occupation': 22}
2024-04-11 19:35:38,993 django_info  INFO     Details: Added {'id': 21, 'onet_name': 'Error', 'description': 'This resourse was not found. No additional details are available.', 'tasks': {}, 'alt_names': {}, 'occupation': 23}
2024-04-11 19:35:39,004 django_info  INFO     Occupation: User: me@here.com deleted occupations
2024-04-11 19:35:39,130 django_info  INFO     User: me@here.com created.
2024-04-11 19:35:39,236 django_info  INFO     User: me@here.com login.
2024-04-11 19:35:42,661 django_info  INFO     Occupations: Created for user me@here.com - Data: [{'name': 'Music Director', 'onet_code': '27-2042.01', 'user': 34}, {'name': 'Historian', 'onet_code': '19-3093.00', 'user': 34}, {'name': 'Database Administrator', 'onet_code': '15-1141.00', 'user': 34}, {'name': 'Swim Coach', 'onet_code': '27-2021.00', 'user': 34}, {'name': 'Carpenter', 'onet_code': '47-2031.00', 'user': 34}]
2024-04-11 19:35:42,820 django_info  INFO     Details: Added {'id': 22, 'onet_name': 'Error', 'description': 'This resourse was not found. No additional details are available.', 'tasks': {}, 'alt_names': {}, 'occupation': 24}
2024-04-11 19:35:42,981 django_info  INFO     Details: Added {'id': 23, 'onet_name': 'Historians', 'description': 'Research, analyze, record, and interpret the past as recorded in sources, such as government and institutional records, newspapers and other periodicals, photographs, interviews, films, electronic media, and unpublished manuscripts, such as personal diaries and letters.', 'tasks': {'task': ['Conserve and preserve manuscripts, records, and other artifacts.', 'Gather historical data from sources such as archives, court records, diaries, news files, and photographs, as well as from books, pamphlets, and periodicals.', 'Conduct historical research as a basis for the identification, conservation, and reconstruction of historic places and materials.']}, 'alt_names': {'title': ['Historian', 'Historic Sites Registrar', 'Research Associate', 'Researcher']}, 'occupation': 25}
2024-04-11 19:35:43,168 django_info  INFO     Details: Added {'id': 24, 'onet_name': 'Error', 'description': 'This resourse was not found. No additional details are available.', 'tasks': {}, 'alt_names': {}, 'occupation': 26}
2024-04-11 19:35:43,378 django_info  INFO     Details: Added {'id': 25, 'onet_name': 'Athletes & Sports Competitors', 'description': 'Compete in athletic events.', 'tasks': {'task': ['Assess performance following athletic competition, identifying strengths and weaknesses and making adjustments to improve future performance.', 'Maintain equipment used in a particular sport.', 'Attend scheduled practice or training sessions.']}, 'alt_names': {'title': ['Baseball Player', 'Golf Professional', 'Hockey Player', 'Race Car Driver']}, 'occupation': 27}
2024-04-11 19:35:43,649 django_info  INFO     Details: Added {'id': 26, 'onet_name': 'Carpenters', 'description': 'Construct, erect, install, or repair structures and fixtures made of wood and comparable materials, such as concrete forms; building frameworks, including partitions, joists, studding, and rafters; and wood stairways, window and door frames, and hardwood floors. May also install cabinets, siding, drywall, and batt or roll insulation. Includes brattice builders who build doors or brattices (ventilation walls or partitions) in underground passageways.', 'tasks': {'task': ['Follow established safety rules and regulations and maintain a safe and clean environment.', 'Measure and mark cutting lines on materials, using a ruler, pencil, chalk, and marking gauge.', 'Assemble and fasten materials to make frameworks or props, using hand tools and wood screws, nails, dowel pins, or glue.']}, 'alt_names': {'title': ['Cabinet Maker', 'Carpenter', 'Form Carpenter', 'Scaffold Builder']}, 'occupation': 28}
